# JRE version: Java(TM) SE Runtime Environment (8.0_121-b13) (build 1.8.0_121-b13)
# Java VM: Java HotSpot(TM) 64-Bit Server VM (25.121-b13 mixed mode windows-amd64 compressed oops)
Heap:
 PSYoungGen      total 256512K, used 147818K [0x00000000d5f80000, 0x00000000e7100000, 0x0000000100000000)
  eden space 243200K, 55% used [0x00000000d5f80000,0x00000000de4485b8,0x00000000e4d00000)
  from space 13312K, 89% used [0x00000000e6400000,0x00000000e6f925f8,0x00000000e7100000)
  to   space 18432K, 0% used [0x00000000e4d00000,0x00000000e4d00000,0x00000000e5f00000)
 ParOldGen       total 120320K, used 22524K [0x0000000081e00000, 0x0000000089380000, 0x00000000d5f80000)
  object space 120320K, 18% used [0x0000000081e00000,0x00000000833ff398,0x0000000089380000)
 Metaspace       used 69507K, capacity 73379K, committed 73472K, reserved 1112064K
  class space    used 9555K, capacity 10208K, committed 10240K, reserved 1048576K
GC Heap History (10 events):
Event: 5.607 GC heap before
{Heap before GC invocations=11 (full 2):
 PSYoungGen      total 163840K, used 8443K [0x00000000d5f80000, 0x00000000e3a80000, 0x0000000100000000)
  eden space 150528K, 0% used [0x00000000d5f80000,0x00000000d5f80000,0x00000000df280000)
  from space 13312K, 63% used [0x00000000df280000,0x00000000dfabef78,0x00000000dff80000)
  to   space 13312K, 0% used [0x00000000e2d80000,0x00000000e2d80000,0x00000000e3a80000)
 ParOldGen       total 61952K, used 10042K [0x0000000081e00000, 0x0000000085a80000, 0x00000000d5f80000)
  object space 61952K, 16% used [0x0000000081e00000,0x00000000827ceaa0,0x0000000085a80000)
 Metaspace       used 33296K, capacity 35453K, committed 35496K, reserved 1079296K
  class space    used 4438K, capacity 4821K, committed 4864K, reserved 1048576K
Event: 5.699 GC heap after
Heap after GC invocations=11 (full 2):
 PSYoungGen      total 163840K, used 0K [0x00000000d5f80000, 0x00000000e3a80000, 0x0000000100000000)
  eden space 150528K, 0% used [0x00000000d5f80000,0x00000000d5f80000,0x00000000df280000)
  from space 13312K, 0% used [0x00000000df280000,0x00000000df280000,0x00000000dff80000)
  to   space 13312K, 0% used [0x00000000e2d80000,0x00000000e2d80000,0x00000000e3a80000)
 ParOldGen       total 87552K, used 12983K [0x0000000081e00000, 0x0000000087380000, 0x00000000d5f80000)
  object space 87552K, 14% used [0x0000000081e00000,0x0000000082aadf18,0x0000000087380000)
 Metaspace       used 33296K, capacity 35453K, committed 35496K, reserved 1079296K
  class space    used 4438K, capacity 4821K, committed 4864K, reserved 1048576K
}
Event: 15.578 GC heap before
{Heap before GC invocations=12 (full 2):
 PSYoungGen      total 163840K, used 150528K [0x00000000d5f80000, 0x00000000e3a80000, 0x0000000100000000)
  eden space 150528K, 100% used [0x00000000d5f80000,0x00000000df280000,0x00000000df280000)
  from space 13312K, 0% used [0x00000000df280000,0x00000000df280000,0x00000000dff80000)
  to   space 13312K, 0% used [0x00000000e2d80000,0x00000000e2d80000,0x00000000e3a80000)
 ParOldGen       total 87552K, used 12983K [0x0000000081e00000, 0x0000000087380000, 0x00000000d5f80000)
  object space 87552K, 14% used [0x0000000081e00000,0x0000000082aadf18,0x0000000087380000)
 Metaspace       used 52478K, capacity 54971K, committed 55424K, reserved 1097728K
  class space    used 7262K, capacity 7738K, committed 7808K, reserved 1048576K
Event: 15.604 GC heap after
Heap after GC invocations=12 (full 2):
 PSYoungGen      total 205824K, used 13311K [0x00000000d5f80000, 0x00000000e3e80000, 0x0000000100000000)
  eden space 192512K, 0% used [0x00000000d5f80000,0x00000000d5f80000,0x00000000e1b80000)
  from space 13312K, 99% used [0x00000000e2d80000,0x00000000e3a7fee8,0x00000000e3a80000)
  to   space 17920K, 0% used [0x00000000e1b80000,0x00000000e1b80000,0x00000000e2d00000)
 ParOldGen       total 87552K, used 20957K [0x0000000081e00000, 0x0000000087380000, 0x00000000d5f80000)
  object space 87552K, 23% used [0x0000000081e00000,0x0000000083277738,0x0000000087380000)
 Metaspace       used 52478K, capacity 54971K, committed 55424K, reserved 1097728K
  class space    used 7262K, capacity 7738K, committed 7808K, reserved 1048576K
}
Event: 16.250 GC heap before
{Heap before GC invocations=13 (full 2):
 PSYoungGen      total 205824K, used 52799K [0x00000000d5f80000, 0x00000000e3e80000, 0x0000000100000000)
  eden space 192512K, 20% used [0x00000000d5f80000,0x00000000d86100e0,0x00000000e1b80000)
  from space 13312K, 99% used [0x00000000e2d80000,0x00000000e3a7fee8,0x00000000e3a80000)
  to   space 17920K, 0% used [0x00000000e1b80000,0x00000000e1b80000,0x00000000e2d00000)
 ParOldGen       total 87552K, used 20957K [0x0000000081e00000, 0x0000000087380000, 0x00000000d5f80000)
  object space 87552K, 23% used [0x0000000081e00000,0x0000000083277738,0x0000000087380000)
 Metaspace       used 56029K, capacity 59077K, committed 59160K, reserved 1099776K
  class space    used 7730K, capacity 8245K, committed 8320K, reserved 1048576K
Event: 16.273 GC heap after
Heap after GC invocations=13 (full 2):
 PSYoungGen      total 210432K, used 10721K [0x00000000d5f80000, 0x00000000e7580000, 0x0000000100000000)
  eden space 192512K, 0% used [0x00000000d5f80000,0x00000000d5f80000,0x00000000e1b80000)
  from space 17920K, 59% used [0x00000000e1b80000,0x00000000e25f8630,0x00000000e2d00000)
  to   space 17920K, 0% used [0x00000000e6400000,0x00000000e6400000,0x00000000e7580000)
 ParOldGen       total 87552K, used 20965K [0x0000000081e00000, 0x0000000087380000, 0x00000000d5f80000)
  object space 87552K, 23% used [0x0000000081e00000,0x0000000083279738,0x0000000087380000)
 Metaspace       used 56029K, capacity 59077K, committed 59160K, reserved 1099776K
  class space    used 7730K, capacity 8245K, committed 8320K, reserved 1048576K
}
Event: 16.273 GC heap before
{Heap before GC invocations=14 (full 3):
 PSYoungGen      total 210432K, used 10721K [0x00000000d5f80000, 0x00000000e7580000, 0x0000000100000000)
  eden space 192512K, 0% used [0x00000000d5f80000,0x00000000d5f80000,0x00000000e1b80000)
  from space 17920K, 59% used [0x00000000e1b80000,0x00000000e25f8630,0x00000000e2d00000)
  to   space 17920K, 0% used [0x00000000e6400000,0x00000000e6400000,0x00000000e7580000)
 ParOldGen       total 87552K, used 20965K [0x0000000081e00000, 0x0000000087380000, 0x00000000d5f80000)
  object space 87552K, 23% used [0x0000000081e00000,0x0000000083279738,0x0000000087380000)
 Metaspace       used 56029K, capacity 59077K, committed 59160K, reserved 1099776K
  class space    used 7730K, capacity 8245K, committed 8320K, reserved 1048576K
Event: 16.495 GC heap after
Heap after GC invocations=14 (full 3):
 PSYoungGen      total 210432K, used 0K [0x00000000d5f80000, 0x00000000e7580000, 0x0000000100000000)
  eden space 192512K, 0% used [0x00000000d5f80000,0x00000000d5f80000,0x00000000e1b80000)
  from space 17920K, 0% used [0x00000000e1b80000,0x00000000e1b80000,0x00000000e2d00000)
  to   space 17920K, 0% used [0x00000000e6400000,0x00000000e6400000,0x00000000e7580000)
 ParOldGen       total 120320K, used 22516K [0x0000000081e00000, 0x0000000089380000, 0x00000000d5f80000)
  object space 120320K, 18% used [0x0000000081e00000,0x00000000833fd398,0x0000000089380000)
 Metaspace       used 56029K, capacity 59077K, committed 59160K, reserved 1099776K
  class space    used 7730K, capacity 8245K, committed 8320K, reserved 1048576K
}
Event: 654.408 GC heap before
{Heap before GC invocations=15 (full 3):
 PSYoungGen      total 210432K, used 192512K [0x00000000d5f80000, 0x00000000e7580000, 0x0000000100000000)
  eden space 192512K, 100% used [0x00000000d5f80000,0x00000000e1b80000,0x00000000e1b80000)
  from space 17920K, 0% used [0x00000000e1b80000,0x00000000e1b80000,0x00000000e2d00000)
  to   space 17920K, 0% used [0x00000000e6400000,0x00000000e6400000,0x00000000e7580000)
 ParOldGen       total 120320K, used 22516K [0x0000000081e00000, 0x0000000089380000, 0x00000000d5f80000)
  object space 120320K, 18% used [0x0000000081e00000,0x00000000833fd398,0x0000000089380000)
 Metaspace       used 63933K, capacity 67593K, committed 67712K, reserved 1107968K
  class space    used 8874K, capacity 9481K, committed 9600K, reserved 1048576K
Event: 654.424 GC heap after
Heap after GC invocations=15 (full 3):
 PSYoungGen      total 256512K, used 11849K [0x00000000d5f80000, 0x00000000e7100000, 0x0000000100000000)
  eden space 243200K, 0% used [0x00000000d5f80000,0x00000000d5f80000,0x00000000e4d00000)
  from space 13312K, 89% used [0x00000000e6400000,0x00000000e6f925f8,0x00000000e7100000)
  to   space 18432K, 0% used [0x00000000e4d00000,0x00000000e4d00000,0x00000000e5f00000)
 ParOldGen       total 120320K, used 22524K [0x0000000081e00000, 0x0000000089380000, 0x00000000d5f80000)
  object space 120320K, 18% used [0x0000000081e00000,0x00000000833ff398,0x0000000089380000)
 Metaspace       used 63933K, capacity 67593K, committed 67712K, reserved 1107968K
  class space    used 8874K, capacity 9481K, committed 9600K, reserved 1048576K
}

