# JRE version: Java(TM) SE Runtime Environment (8.0_121-b13) (build 1.8.0_121-b13)
# Java VM: Java HotSpot(TM) 64-Bit Server VM (25.121-b13 mixed mode windows-amd64 compressed oops)
Heap:
 PSYoungGen      total 286208K, used 1136K [0x00000000d5f80000, 0x00000000e9f00000, 0x0000000100000000)
  eden space 284672K, 0% used [0x00000000d5f80000,0x00000000d5f80000,0x00000000e7580000)
  from space 1536K, 73% used [0x00000000e9d80000,0x00000000e9e9c210,0x00000000e9f00000)
  to   space 17920K, 0% used [0x00000000e7c00000,0x00000000e7c00000,0x00000000e8d80000)
 ParOldGen       total 76288K, used 22244K [0x0000000081e00000, 0x0000000086880000, 0x00000000d5f80000)
  object space 76288K, 29% used [0x0000000081e00000,0x00000000833b9190,0x0000000086880000)
 Metaspace       used 56401K, capacity 59478K, committed 59648K, reserved 1103872K
  class space    used 7810K, capacity 8337K, committed 8448K, reserved 1048576K
GC Heap History (10 events):
Event: 8.990 GC heap after
Heap after GC invocations=10 (full 1):
 PSYoungGen      total 179712K, used 7256K [0x00000000d5f80000, 0x00000000e5a80000, 0x0000000100000000)
  eden space 166400K, 0% used [0x00000000d5f80000,0x00000000d5f80000,0x00000000e0200000)
  from space 13312K, 54% used [0x00000000e0200000,0x00000000e09163f0,0x00000000e0f00000)
  to   space 12800K, 0% used [0x00000000e4e00000,0x00000000e4e00000,0x00000000e5a80000)
 ParOldGen       total 57344K, used 10978K [0x0000000081e00000, 0x0000000085600000, 0x00000000d5f80000)
  object space 57344K, 19% used [0x0000000081e00000,0x00000000828b8b48,0x0000000085600000)
 Metaspace       used 33228K, capacity 35396K, committed 35496K, reserved 1079296K
  class space    used 4418K, capacity 4818K, committed 4864K, reserved 1048576K
}
Event: 8.990 GC heap before
{Heap before GC invocations=11 (full 2):
 PSYoungGen      total 179712K, used 7256K [0x00000000d5f80000, 0x00000000e5a80000, 0x0000000100000000)
  eden space 166400K, 0% used [0x00000000d5f80000,0x00000000d5f80000,0x00000000e0200000)
  from space 13312K, 54% used [0x00000000e0200000,0x00000000e09163f0,0x00000000e0f00000)
  to   space 12800K, 0% used [0x00000000e4e00000,0x00000000e4e00000,0x00000000e5a80000)
 ParOldGen       total 57344K, used 10978K [0x0000000081e00000, 0x0000000085600000, 0x00000000d5f80000)
  object space 57344K, 19% used [0x0000000081e00000,0x00000000828b8b48,0x0000000085600000)
 Metaspace       used 33228K, capacity 35396K, committed 35496K, reserved 1079296K
  class space    used 4418K, capacity 4818K, committed 4864K, reserved 1048576K
Event: 9.091 GC heap after
Heap after GC invocations=11 (full 2):
 PSYoungGen      total 179712K, used 0K [0x00000000d5f80000, 0x00000000e5a80000, 0x0000000100000000)
  eden space 166400K, 0% used [0x00000000d5f80000,0x00000000d5f80000,0x00000000e0200000)
  from space 13312K, 0% used [0x00000000e0200000,0x00000000e0200000,0x00000000e0f00000)
  to   space 12800K, 0% used [0x00000000e4e00000,0x00000000e4e00000,0x00000000e5a80000)
 ParOldGen       total 76288K, used 12864K [0x0000000081e00000, 0x0000000086880000, 0x00000000d5f80000)
  object space 76288K, 16% used [0x0000000081e00000,0x0000000082a90358,0x0000000086880000)
 Metaspace       used 33228K, capacity 35396K, committed 35496K, reserved 1079296K
  class space    used 4418K, capacity 4818K, committed 4864K, reserved 1048576K
}
Event: 13.601 GC heap before
{Heap before GC invocations=12 (full 2):
 PSYoungGen      total 179712K, used 166400K [0x00000000d5f80000, 0x00000000e5a80000, 0x0000000100000000)
  eden space 166400K, 100% used [0x00000000d5f80000,0x00000000e0200000,0x00000000e0200000)
  from space 13312K, 0% used [0x00000000e0200000,0x00000000e0200000,0x00000000e0f00000)
  to   space 12800K, 0% used [0x00000000e4e00000,0x00000000e4e00000,0x00000000e5a80000)
 ParOldGen       total 76288K, used 12864K [0x0000000081e00000, 0x0000000086880000, 0x00000000d5f80000)
  object space 76288K, 16% used [0x0000000081e00000,0x0000000082a90358,0x0000000086880000)
 Metaspace       used 52991K, capacity 55492K, committed 55680K, reserved 1097728K
  class space    used 7308K, capacity 7778K, committed 7808K, reserved 1048576K
Event: 13.636 GC heap after
Heap after GC invocations=12 (full 2):
 PSYoungGen      total 239104K, used 12772K [0x00000000d5f80000, 0x00000000e6100000, 0x0000000100000000)
  eden space 226304K, 0% used [0x00000000d5f80000,0x00000000d5f80000,0x00000000e3c80000)
  from space 12800K, 99% used [0x00000000e4e00000,0x00000000e5a79380,0x00000000e5a80000)
  to   space 17920K, 0% used [0x00000000e3c80000,0x00000000e3c80000,0x00000000e4e00000)
 ParOldGen       total 76288K, used 22234K [0x0000000081e00000, 0x0000000086880000, 0x00000000d5f80000)
  object space 76288K, 29% used [0x0000000081e00000,0x00000000833b6998,0x0000000086880000)
 Metaspace       used 52991K, capacity 55492K, committed 55680K, reserved 1097728K
  class space    used 7308K, capacity 7778K, committed 7808K, reserved 1048576K
}
Event: 14.705 GC heap before
{Heap before GC invocations=13 (full 2):
 PSYoungGen      total 239104K, used 40493K [0x00000000d5f80000, 0x00000000e6100000, 0x0000000100000000)
  eden space 226304K, 12% used [0x00000000d5f80000,0x00000000d7a92280,0x00000000e3c80000)
  from space 12800K, 99% used [0x00000000e4e00000,0x00000000e5a79380,0x00000000e5a80000)
  to   space 17920K, 0% used [0x00000000e3c80000,0x00000000e3c80000,0x00000000e4e00000)
 ParOldGen       total 76288K, used 22234K [0x0000000081e00000, 0x0000000086880000, 0x00000000d5f80000)
  object space 76288K, 29% used [0x0000000081e00000,0x00000000833b6998,0x0000000086880000)
 Metaspace       used 56050K, capacity 59078K, committed 59160K, reserved 1099776K
  class space    used 7726K, capacity 8245K, committed 8320K, reserved 1048576K
Event: 14.726 GC heap after
Heap after GC invocations=13 (full 2):
 PSYoungGen      total 244224K, used 3425K [0x00000000d5f80000, 0x00000000eaf00000, 0x0000000100000000)
  eden space 226304K, 0% used [0x00000000d5f80000,0x00000000d5f80000,0x00000000e3c80000)
  from space 17920K, 19% used [0x00000000e3c80000,0x00000000e3fd85d0,0x00000000e4e00000)
  to   space 17920K, 0% used [0x00000000e9d80000,0x00000000e9d80000,0x00000000eaf00000)
 ParOldGen       total 76288K, used 29363K [0x0000000081e00000, 0x0000000086880000, 0x00000000d5f80000)
  object space 76288K, 38% used [0x0000000081e00000,0x0000000083aacf48,0x0000000086880000)
 Metaspace       used 56050K, capacity 59078K, committed 59160K, reserved 1099776K
  class space    used 7726K, capacity 8245K, committed 8320K, reserved 1048576K
}
Event: 14.726 GC heap before
{Heap before GC invocations=14 (full 3):
 PSYoungGen      total 244224K, used 3425K [0x00000000d5f80000, 0x00000000eaf00000, 0x0000000100000000)
  eden space 226304K, 0% used [0x00000000d5f80000,0x00000000d5f80000,0x00000000e3c80000)
  from space 17920K, 19% used [0x00000000e3c80000,0x00000000e3fd85d0,0x00000000e4e00000)
  to   space 17920K, 0% used [0x00000000e9d80000,0x00000000e9d80000,0x00000000eaf00000)
 ParOldGen       total 76288K, used 29363K [0x0000000081e00000, 0x0000000086880000, 0x00000000d5f80000)
  object space 76288K, 38% used [0x0000000081e00000,0x0000000083aacf48,0x0000000086880000)
 Metaspace       used 56050K, capacity 59078K, committed 59160K, reserved 1099776K
  class space    used 7726K, capacity 8245K, committed 8320K, reserved 1048576K
Event: 15.033 GC heap after
Heap after GC invocations=14 (full 3):
 PSYoungGen      total 244224K, used 0K [0x00000000d5f80000, 0x00000000eaf00000, 0x0000000100000000)
  eden space 226304K, 0% used [0x00000000d5f80000,0x00000000d5f80000,0x00000000e3c80000)
  from space 17920K, 0% used [0x00000000e3c80000,0x00000000e3c80000,0x00000000e4e00000)
  to   space 17920K, 0% used [0x00000000e9d80000,0x00000000e9d80000,0x00000000eaf00000)
 ParOldGen       total 76288K, used 22244K [0x0000000081e00000, 0x0000000086880000, 0x00000000d5f80000)
  object space 76288K, 29% used [0x0000000081e00000,0x00000000833b9190,0x0000000086880000)
 Metaspace       used 56050K, capacity 59078K, committed 59160K, reserved 1099776K
  class space    used 7726K, capacity 8245K, committed 8320K, reserved 1048576K
}
Event: 15.409 GC heap before
{Heap before GC invocations=15 (full 3):
 PSYoungGen      total 244224K, used 26620K [0x00000000d5f80000, 0x00000000eaf00000, 0x0000000100000000)
  eden space 226304K, 11% used [0x00000000d5f80000,0x00000000d797f2b8,0x00000000e3c80000)
  from space 17920K, 0% used [0x00000000e3c80000,0x00000000e3c80000,0x00000000e4e00000)
  to   space 17920K, 0% used [0x00000000e9d80000,0x00000000e9d80000,0x00000000eaf00000)
 ParOldGen       total 76288K, used 22244K [0x0000000081e00000, 0x0000000086880000, 0x00000000d5f80000)
  object space 76288K, 29% used [0x0000000081e00000,0x00000000833b9190,0x0000000086880000)
 Metaspace       used 56401K, capacity 59478K, committed 59648K, reserved 1103872K
  class space    used 7810K, capacity 8337K, committed 8448K, reserved 1048576K

